build/app/intermediates/manifest_merge_blame_file/debug/manifest-merger-blame-debug-report.txt
1<?xml version="1.0" encoding="utf-8"?>
2<manifest xmlns:android="http://schemas.android.com/apk/res/android"
3    package="com.mycompany.aqua"
4    android:versionCode="1"
5    android:versionName="1.0.0" >
6
7    <uses-sdk
8        android:minSdkVersion="21"
9        android:targetSdkVersion="31" />
10    <!--
11         Flutter needs it to communicate with the running application
12         to allow setting breakpoints, to provide hot reload, etc.
13    -->
14    <uses-permission android:name="android.permission.INTERNET" />
14-->src\main\AndroidManifest.xml:4:4-65
14-->src\main\AndroidManifest.xml:4:21-63
15
16    <queries>
16-->[:watch_connectivity] AndroidManifest.xml:7:5-10:15
17        <package android:name="com.google.android.wearable.app" />
17-->[:watch_connectivity] AndroidManifest.xml:8:9-67
17-->[:watch_connectivity] AndroidManifest.xml:8:18-64
18        <package android:name="com.samsung.android.app.watchmanager" />
18-->[:watch_connectivity] AndroidManifest.xml:9:9-72
18-->[:watch_connectivity] AndroidManifest.xml:9:18-69
19    </queries> <!-- Permission will be merged into the manifest of the hosting app. -->
20    <!-- Is required to launch foreground transfer service for targetSdkVersion 28+. -->
21    <uses-permission android:name="android.permission.FOREGROUND_SERVICE" />
21-->[com.amplifyframework:aws-storage-s3:1.37.2] AndroidManifest.xml:25:5-77
21-->[com.amplifyframework:aws-storage-s3:1.37.2] AndroidManifest.xml:25:22-74
22    <uses-permission android:name="android.permission.ACCESS_NETWORK_STATE" />
22-->[com.amazonaws:aws-android-sdk-s3:2.51.0] AndroidManifest.xml:10:5-79
22-->[com.amazonaws:aws-android-sdk-s3:2.51.0] AndroidManifest.xml:10:22-76
23
24    <application
24-->src\main\AndroidManifest.xml:7:4-61:19
25        android:appComponentFactory="androidx.core.app.CoreComponentFactory"
25-->[androidx.core:core:1.6.0] AndroidManifest.xml:24:18-86
26        android:debuggable="true"
27        android:icon="@mipmap/ic_launcher"
27-->src\main\AndroidManifest.xml:10:9-43
28        android:label="aqua"
28-->src\main\AndroidManifest.xml:8:9-29
29        android:requestLegacyExternalStorage="true" >
29-->src\main\AndroidManifest.xml:11:9-52
30        <activity
30-->src\main\AndroidManifest.xml:13:9-51:20
31            android:name="com.mycompany.aqua.MainActivity"
31-->src\main\AndroidManifest.xml:14:13-41
32            android:configChanges="orientation|keyboardHidden|keyboard|screenSize|smallestScreenSize|locale|layoutDirection|fontScale|screenLayout|density|uiMode"
32-->src\main\AndroidManifest.xml:18:13-163
33            android:exported="true"
33-->src\main\AndroidManifest.xml:15:13-36
34            android:hardwareAccelerated="true"
34-->src\main\AndroidManifest.xml:19:13-47
35            android:launchMode="singleTop"
35-->src\main\AndroidManifest.xml:16:13-43
36            android:theme="@style/LaunchTheme"
36-->src\main\AndroidManifest.xml:17:13-47
37            android:windowSoftInputMode="adjustResize" >
37-->src\main\AndroidManifest.xml:20:13-55
38
39            <!--
40                 Specifies an Android theme to apply to this Activity as soon as
41                 the Android process has started. This theme is visible to the user
42                 while the Flutter UI initializes. After that, this theme continues
43                 to determine the Window background behind the Flutter UI.
44            -->
45            <meta-data
45-->src\main\AndroidManifest.xml:25:13-28:17
46                android:name="io.flutter.embedding.android.NormalTheme"
46-->src\main\AndroidManifest.xml:26:15-70
47                android:resource="@style/NormalTheme" />
47-->src\main\AndroidManifest.xml:27:15-52
48            <!--
49                 Displays an Android View that continues showing the launch screen
50                 Drawable until Flutter paints its first frame, then this splash
51                 screen fades out. A splash screen is useful to avoid any visual
52                 gap between the end of Android's launch screen and the painting of
53                 Flutter's first frame.
54            -->
55            <meta-data
55-->src\main\AndroidManifest.xml:34:13-37:17
56                android:name="io.flutter.embedding.android.SplashScreenDrawable"
56-->src\main\AndroidManifest.xml:35:15-79
57                android:resource="@drawable/launch_background" />
57-->src\main\AndroidManifest.xml:36:15-61
58
59            <intent-filter>
59-->src\main\AndroidManifest.xml:38:13-41:29
60                <action android:name="android.intent.action.MAIN" />
60-->src\main\AndroidManifest.xml:39:17-68
60-->src\main\AndroidManifest.xml:39:25-66
61
62                <category android:name="android.intent.category.LAUNCHER" />
62-->src\main\AndroidManifest.xml:40:17-76
62-->src\main\AndroidManifest.xml:40:27-74
63            </intent-filter>
64            <!-- Deep linking -->
65            <meta-data
65-->src\main\AndroidManifest.xml:43:13-90
66                android:name="flutter_deeplinking_enabled"
66-->src\main\AndroidManifest.xml:43:24-66
67                android:value="true" />
67-->src\main\AndroidManifest.xml:43:67-87
68
69            <intent-filter android:autoVerify="true" >
69-->src\main\AndroidManifest.xml:44:13-49:29
69-->src\main\AndroidManifest.xml:44:28-53
70                <action android:name="android.intent.action.VIEW" />
70-->src\main\AndroidManifest.xml:45:17-69
70-->src\main\AndroidManifest.xml:45:25-66
71
72                <category android:name="android.intent.category.DEFAULT" />
72-->src\main\AndroidManifest.xml:46:17-76
72-->src\main\AndroidManifest.xml:46:27-73
73                <category android:name="android.intent.category.BROWSABLE" />
73-->src\main\AndroidManifest.xml:47:17-78
73-->src\main\AndroidManifest.xml:47:27-75
74
75                <data
75-->src\main\AndroidManifest.xml:48:17-71
76                    android:host="aqua.com"
76-->src\main\AndroidManifest.xml:48:45-68
77                    android:scheme="aqua" />
77-->src\main\AndroidManifest.xml:48:23-44
78            </intent-filter>
79        </activity>
80
81        <!--
82             Don't delete the meta-data below.
83             This is used by the Flutter tool to generate GeneratedPluginRegistrant.java
84        -->
85        <meta-data
85-->src\main\AndroidManifest.xml:55:9-57:33
86            android:name="flutterEmbedding"
86-->src\main\AndroidManifest.xml:56:13-44
87            android:value="2" />
87-->src\main\AndroidManifest.xml:57:13-30
88
89        <activity
89-->[:url_launcher_android] AndroidManifest.xml:8:9-11:74
90            android:name="io.flutter.plugins.urllauncher.WebViewActivity"
90-->[:url_launcher_android] AndroidManifest.xml:9:13-74
91            android:exported="false"
91-->[:url_launcher_android] AndroidManifest.xml:10:13-37
92            android:theme="@android:style/Theme.NoTitleBar.Fullscreen" />
92-->[:url_launcher_android] AndroidManifest.xml:11:13-71
93
94        <uses-library
94-->[androidx.window:window:1.0.0-beta04] AndroidManifest.xml:25:9-27:40
95            android:name="androidx.window.extensions"
95-->[androidx.window:window:1.0.0-beta04] AndroidManifest.xml:26:13-54
96            android:required="false" />
96-->[androidx.window:window:1.0.0-beta04] AndroidManifest.xml:27:13-37
97        <uses-library
97-->[androidx.window:window:1.0.0-beta04] AndroidManifest.xml:28:9-30:40
98            android:name="androidx.window.sidecar"
98-->[androidx.window:window:1.0.0-beta04] AndroidManifest.xml:29:13-51
99            android:required="false" />
99-->[androidx.window:window:1.0.0-beta04] AndroidManifest.xml:30:13-37
100
101        <service
101-->[com.amplifyframework:aws-storage-s3:1.37.2] AndroidManifest.xml:28:9-30:38
102            android:name="com.amazonaws.mobileconnectors.s3.transferutility.TransferService"
102-->[com.amplifyframework:aws-storage-s3:1.37.2] AndroidManifest.xml:29:13-93
103            android:enabled="true" />
103-->[com.amplifyframework:aws-storage-s3:1.37.2] AndroidManifest.xml:30:13-35
104        <service
104-->[com.amplifyframework:aws-storage-s3:1.37.2] AndroidManifest.xml:31:9-33:38
105            android:name="com.amplifyframework.storage.s3.service.AmplifyTransferService"
105-->[com.amplifyframework:aws-storage-s3:1.37.2] AndroidManifest.xml:32:13-90
106            android:enabled="true" />
106-->[com.amplifyframework:aws-storage-s3:1.37.2] AndroidManifest.xml:33:13-35
107
108        <activity
108-->[com.amplifyframework:core:1.37.2] AndroidManifest.xml:27:9-29:54
109            android:name="com.amplifyframework.devmenu.DeveloperMenuActivity"
109-->[com.amplifyframework:core:1.37.2] AndroidManifest.xml:28:13-78
110            android:theme="@style/OverlayActivity" />
110-->[com.amplifyframework:core:1.37.2] AndroidManifest.xml:29:13-51
111        <activity
111-->[com.amazonaws:aws-android-sdk-cognitoauth:2.51.0] AndroidManifest.xml:12:9-16:75
112            android:name="com.amazonaws.mobileconnectors.cognitoauth.activities.CustomTabsManagerActivity"
112-->[com.amazonaws:aws-android-sdk-cognitoauth:2.51.0] AndroidManifest.xml:13:13-107
113            android:exported="false"
113-->[com.amazonaws:aws-android-sdk-cognitoauth:2.51.0] AndroidManifest.xml:14:13-37
114            android:launchMode="singleTask"
114-->[com.amazonaws:aws-android-sdk-cognitoauth:2.51.0] AndroidManifest.xml:15:13-44
115            android:theme="@android:style/Theme.Translucent.NoTitleBar" />
115-->[com.amazonaws:aws-android-sdk-cognitoauth:2.51.0] AndroidManifest.xml:16:13-72
116
117        <uses-library
117-->[com.amazonaws:aws-android-sdk-core:2.51.0] AndroidManifest.xml:11:9-13:40
118            android:name="org.apache.http.legacy"
118-->[com.amazonaws:aws-android-sdk-core:2.51.0] AndroidManifest.xml:12:13-50
119            android:required="false" />
119-->[com.amazonaws:aws-android-sdk-core:2.51.0] AndroidManifest.xml:13:13-37
120
121        <activity
121-->[com.google.android.gms:play-services-base:18.0.1] AndroidManifest.xml:20:9-22:45
122            android:name="com.google.android.gms.common.api.GoogleApiActivity"
122-->[com.google.android.gms:play-services-base:18.0.1] AndroidManifest.xml:20:19-85
123            android:exported="false"
123-->[com.google.android.gms:play-services-base:18.0.1] AndroidManifest.xml:22:19-43
124            android:theme="@android:style/Theme.Translucent.NoTitleBar" />
124-->[com.google.android.gms:play-services-base:18.0.1] AndroidManifest.xml:21:19-78
125
126        <meta-data
126-->[com.google.android.gms:play-services-basement:18.0.0] AndroidManifest.xml:21:9-23:69
127            android:name="com.google.android.gms.version"
127-->[com.google.android.gms:play-services-basement:18.0.0] AndroidManifest.xml:22:13-58
128            android:value="@integer/google_play_services_version" /> <!-- The activities will be merged into the manifest of the hosting app. -->
128-->[com.google.android.gms:play-services-basement:18.0.0] AndroidManifest.xml:23:13-66
129        <activity
129-->[com.google.android.play:core:1.9.1] AndroidManifest.xml:12:5-271
130            android:name="com.google.android.play.core.missingsplits.PlayCoreMissingSplitsActivity"
130-->[com.google.android.play:core:1.9.1] AndroidManifest.xml:12:15-102
131            android:enabled="false"
131-->[com.google.android.play:core:1.9.1] AndroidManifest.xml:12:103-126
132            android:exported="false"
132-->[com.google.android.play:core:1.9.1] AndroidManifest.xml:12:127-151
133            android:launchMode="singleInstance"
133-->[com.google.android.play:core:1.9.1] AndroidManifest.xml:12:204-239
134            android:process=":playcore_missing_splits_activity"
134-->[com.google.android.play:core:1.9.1] AndroidManifest.xml:12:152-203
135            android:stateNotNeeded="true" />
135-->[com.google.android.play:core:1.9.1] AndroidManifest.xml:12:240-269
136        <activity
136-->[com.google.android.play:core:1.9.1] AndroidManifest.xml:13:5-226
137            android:name="com.google.android.play.core.common.PlayCoreDialogWrapperActivity"
137-->[com.google.android.play:core:1.9.1] AndroidManifest.xml:13:15-95
138            android:enabled="false"
138-->[com.google.android.play:core:1.9.1] AndroidManifest.xml:13:96-119
139            android:exported="false"
139-->[com.google.android.play:core:1.9.1] AndroidManifest.xml:13:120-144
140            android:stateNotNeeded="true"
140-->[com.google.android.play:core:1.9.1] AndroidManifest.xml:13:145-174
141            android:theme="@style/Theme.PlayCore.Transparent" /> <!-- The services will be merged into the manifest of the hosting app. -->
141-->[com.google.android.play:core:1.9.1] AndroidManifest.xml:13:175-224
142        <service
142-->[com.google.android.play:core:1.9.1] AndroidManifest.xml:16:5-18:15
143            android:name="com.google.android.play.core.assetpacks.AssetPackExtractionService"
143-->[com.google.android.play:core:1.9.1] AndroidManifest.xml:16:14-95
144            android:enabled="false"
144-->[com.google.android.play:core:1.9.1] AndroidManifest.xml:16:96-119
145            android:exported="true" >
145-->[com.google.android.play:core:1.9.1] AndroidManifest.xml:16:120-143
146            <meta-data
146-->[com.google.android.play:core:1.9.1] AndroidManifest.xml:17:7-108
147                android:name="com.google.android.play.core.assetpacks.versionCode"
147-->[com.google.android.play:core:1.9.1] AndroidManifest.xml:17:18-84
148                android:value="10901" />
148-->[com.google.android.play:core:1.9.1] AndroidManifest.xml:17:85-106
149        </service>
150        <service
150-->[com.google.android.play:core:1.9.1] AndroidManifest.xml:19:5-147
151            android:name="com.google.android.play.core.assetpacks.ExtractionForegroundService"
151-->[com.google.android.play:core:1.9.1] AndroidManifest.xml:19:14-96
152            android:enabled="false"
152-->[com.google.android.play:core:1.9.1] AndroidManifest.xml:19:97-120
153            android:exported="false" />
153-->[com.google.android.play:core:1.9.1] AndroidManifest.xml:19:121-145
154    </application>
155
156</manifest>